<?xml version="1.0" encoding="UTF-8"?>
<beans xmlns="http://www.springframework.org/schema/beans"
	xmlns:xsi="http://www.w3.org/2001/XMLSchema-instance"
	xsi:schemaLocation="http://www.springframework.org/schema/beans http://www.springframework.org/schema/beans/spring-beans-2.5.xsd">

<!--2.요청에 따른 컨트롤러를 문의?  -->
<bean id="defaultHandlerMapping" 
          class="org.springframework.web.servlet.handler.BeanNameUrlHandlerMapping" />
          
<!--3.요청명령어에 해당하는 컨트롤러를 이용(처리)(/index.do ->list.jsp로 이동)  -->
<bean name="/index.do"  
          class="org.springframework.web.servlet.mvc.ParameterizableViewController">
      <property name="viewName" value="list"></property>
</bean>

<bean name="/good/index.do"  
          class="org.springframework.web.servlet.mvc.ParameterizableViewController">
      <property name="viewName" value="list"></property>
</bean>

<!-- 4.viewResolver관련클래스(prefix)위치,suffix(이동할 페이지의 확장자를 지정) -->
<bean id="viewResolver"
        class="org.springframework.web.servlet.view.InternalResourceViewResolver">
      <property name="viewClass"  
                     value="org.springframework.web.servlet.view.JstlView" />  
      <property name="prefix" value="/" />
      <property name="suffix" value=".jsp" />
</bean>


</beans>






